<?xml version="1.0" encoding="UTF-8"?>
<testsuite xmlns:xsi="http://www.w3.org/2001/XMLSchema-instance" xsi:noNamespaceSchemaLocation="https://maven.apache.org/surefire/maven-surefire-plugin/xsd/surefire-test-report-3.0.xsd" version="3.0" name="com.dentalclinic.model.AdminTest" time="0.076" tests="8" errors="0" skipped="0" failures="0">
  <properties>
[...]
</properties>
  <testcase name="testSetPassword" classname="com.dentalclinic.model.AdminTest" time="0.031"/>
  <testcase name="testParameterizedConstructor" classname="com.dentalclinic.model.AdminTest" time="0.001"/>
  <testcase name="testSettersAndGetters" classname="com.dentalclinic.model.AdminTest" time="0.002"/>
  <testcase name="testSetUsername" classname="com.dentalclinic.model.AdminTest" time="0.001"/>
  <testcase name="testSetAdminId" classname="com.dentalclinic.model.AdminTest" time="0.001"/>
  <testcase name="testSetName" classname="com.dentalclinic.model.AdminTest" time="0.001"/>
  <testcase name="testDefaultConstructor" classname="com.dentalclinic.model.AdminTest" time="0.001"/>
  <testcase name="testSetEmail" classname="com.dentalclinic.model.AdminTest" time="0.002"/>
</testsuite>